#
# There is insufficient memory for the Java Runtime Environment to continue.
# Native memory allocation (mmap) failed to map 365953024 bytes for Failed to commit area from 0x0000000710700000 to 0x0000000726400000 of length 365953024.
# Possible reasons:
#   The system is out of physical RAM or swap space
#   The process is running with CompressedOops enabled, and the Java Heap may be blocking the growth of the native heap
# Possible solutions:
#   Reduce memory load on the system
#   Increase physical memory or swap space
#   Check if swap backing store is full
#   Decrease Java heap size (-Xmx/-Xms)
#   Decrease number of Java threads
#   Decrease Java thread stack sizes (-Xss)
#   Set larger code cache with -XX:ReservedCodeCacheSize=
#   JVM is running with Zero Based Compressed Oops mode in which the Java heap is
#     placed in the first 32GB address space. The Java Heap base address is the
#     maximum limit for the native heap growth. Please use -XX:HeapBaseMinAddress
#     to set the Java Heap base and to place the Java Heap above 32GB virtual address.
# This output file may be truncated or incomplete.
#
#  Out of Memory Error (t:/workspace/open/src/hotspot/os/windows/os_windows.cpp:3301), pid=19220, tid=13856
#
# JRE version: OpenJDK Runtime Environment (13.0+33) (build 13+33)
# Java VM: OpenJDK 64-Bit Server VM (13+33, mixed mode, sharing, tiered, compressed oops, g1 gc, windows-amd64)
# No core dump will be written. Minidumps are not enabled by default on client versions of Windows
#

---------------  S U M M A R Y ------------

Command Line: -ea -Xmx4g -Didea.test.cyclic.buffer.size=1048576 -javaagent:C:\Program Files\JetBrains\IntelliJ IDEA 2020.1 - legal\lib\idea_rt.jar=61130:C:\Program Files\JetBrains\IntelliJ IDEA 2020.1 - legal\bin -Dfile.encoding=UTF-8 com.intellij.rt.junit.JUnitStarter -ideVersion5 -junit4 edu.coursera.parallel.StudentAnalyticsTest

Host: Intel(R) Core(TM) i5-7300HQ CPU @ 2.50GHz, 4 cores, 7G,  Windows 10 , 64 bit Build 18362 (10.0.18362.1082)
Time: Thu Sep 24 22:12:58 2020 FLE Daylight Time elapsed time: 1 seconds (0d 0h 0m 1s)

---------------  T H R E A D  ---------------

Current thread (0x00000211ff57c800):  VMThread "VM Thread" [stack: 0x000000fd93300000,0x000000fd93400000] [id=13856]

Stack: [0x000000fd93300000,0x000000fd93400000]
[error occurred during error reporting (printing stack bounds), id 0xc0000005, EXCEPTION_ACCESS_VIOLATION (0xc0000005) at pc=0x00000211e67510ad]

Native frames: (J=compiled Java code, j=interpreted, Vv=VM code, C=native code)
V  [jvm.dll+0x626eaa]
V  [jvm.dll+0x772c4a]
V  [jvm.dll+0x7743ff]
V  [jvm.dll+0x774965]
V  [jvm.dll+0x77491b]
V  [jvm.dll+0x6266df]
C  [ntdll.dll+0x785b6]
C  [ntdll.dll+0x6a056]
C  [ntdll.dll+0x9fe3e]
C  0x00000211e67510ad

VM_Operation (0x000000fd92dfe0f0): G1CollectForAllocation, mode: safepoint, requested by thread 0x00000211de263800


---------------  P R O C E S S  ---------------

Threads class SMR info:
_java_thread_list=0x00000211824eec20, length=14, elements={
0x00000211de263800, 0x00000211ff584000, 0x00000211ff585000, 0x000002118200c800,
0x000002118200d800, 0x0000021182010000, 0x000002118201f800, 0x000002118202a000,
0x00000211ff553800, 0x0000021182193000, 0x0000021182193800, 0x00000211823fd800,
0x000002118240d800, 0x00000211824d9800
}

Java Threads: ( => current thread )
  0x00000211de263800 JavaThread "main" [_thread_blocked, id=9796, stack(0x000000fd92d00000,0x000000fd92e00000)]
  0x00000211ff584000 JavaThread "Reference Handler" daemon [_thread_blocked, id=19616, stack(0x000000fd93400000,0x000000fd93500000)]
  0x00000211ff585000 JavaThread "Finalizer" daemon [_thread_blocked, id=14360, stack(0x000000fd93500000,0x000000fd93600000)]
  0x000002118200c800 JavaThread "Signal Dispatcher" daemon [_thread_blocked, id=8564, stack(0x000000fd93600000,0x000000fd93700000)]
  0x000002118200d800 JavaThread "Attach Listener" daemon [_thread_blocked, id=21348, stack(0x000000fd93700000,0x000000fd93800000)]
  0x0000021182010000 JavaThread "C2 CompilerThread0" daemon [_thread_blocked, id=17940, stack(0x000000fd93800000,0x000000fd93900000)]
  0x000002118201f800 JavaThread "C1 CompilerThread0" daemon [_thread_blocked, id=5684, stack(0x000000fd93900000,0x000000fd93a00000)]
  0x000002118202a000 JavaThread "Sweeper thread" daemon [_thread_blocked, id=13064, stack(0x000000fd93a00000,0x000000fd93b00000)]
  0x00000211ff553800 JavaThread "Common-Cleaner" daemon [_thread_blocked, id=14540, stack(0x000000fd93b00000,0x000000fd93c00000)]
  0x0000021182193000 JavaThread "Monitor Ctrl-Break" daemon [_thread_in_native, id=24452, stack(0x000000fd93c00000,0x000000fd93d00000)]
  0x0000021182193800 JavaThread "Service Thread" daemon [_thread_blocked, id=24076, stack(0x000000fd93d00000,0x000000fd93e00000)]
  0x00000211823fd800 JavaThread "ForkJoinPool.commonPool-worker-3" daemon [_thread_blocked, id=4276, stack(0x000000fd94300000,0x000000fd94400000)]
  0x000002118240d800 JavaThread "ForkJoinPool.commonPool-worker-5" daemon [_thread_blocked, id=4572, stack(0x000000fd94400000,0x000000fd94500000)]
  0x00000211824d9800 JavaThread "ForkJoinPool.commonPool-worker-7" daemon [_thread_blocked, id=9280, stack(0x000000fd94500000,0x000000fd94600000)]

Other Threads:
=>0x00000211ff57c800 VMThread "VM Thread" [stack: 0x000000fd93300000,0x000000fd93400000] [id=13856]
  0x00000211821a5000 WatcherThread [stack: 0x000000fd93e00000,0x000000fd93f00000] [id=20472]
  0x00000211de2cd000 GCTaskThread "GC Thread#0" [stack: 0x000000fd92e00000,0x000000fd92f00000] [id=22484]
  0x0000021182405800 GCTaskThread "GC Thread#1" [stack: 0x000000fd93f00000,0x000000fd94000000] [id=12668]
  0x000002118240e800 GCTaskThread "GC Thread#2" [stack: 0x000000fd94000000,0x000000fd94100000] [id=2908]
  0x00000211824c9000 GCTaskThread "GC Thread#3" [stack: 0x000000fd94200000,0x000000fd94300000] [id=16336]
  0x00000211de2ee800 ConcurrentGCThread "G1 Main Marker" [stack: 0x000000fd92f00000,0x000000fd93000000] [id=7876]
  0x00000211de2f0000 ConcurrentGCThread "G1 Conc#0" [stack: 0x000000fd93000000,0x000000fd93100000] [id=15580]
  0x00000211de32e800 ConcurrentGCThread "G1 Refine#0" [stack: 0x000000fd93100000,0x000000fd93200000] [id=9096]
  0x00000211821d6800 ConcurrentGCThread "G1 Refine#1" [stack: 0x000000fd94100000,0x000000fd94200000] [id=21748]
  0x00000211ff3e9800 ConcurrentGCThread "G1 Young RemSet Sampling" [stack: 0x000000fd93200000,0x000000fd93300000] [id=15332]

Threads with active compile tasks:

VM state:at safepoint (normal execution)

VM Mutex/Monitor currently owned by a thread:  ([mutex/lock_event])
[0x00000211de25eb90] Threads_lock - owner thread: 0x00000211ff57c800
[0x00000211de25ef80] Heap_lock - owner thread: 0x00000211de263800

Heap address: 0x0000000700000000, size: 4096 MB, Compressed Oops mode: Zero based, Oop shift amount: 3
Narrow klass base: 0x0000000800000000, Narrow klass shift: 3
Compressed class space size: 1073741824 Address: 0x0000000800b40000

Heap:
 garbage-first heap   total 626688K, used 181248K [0x0000000700000000, 0x0000000800000000)
  region size 1024K, 5 young (5120K), 5 survivors (5120K)
 Metaspace       used 1468K, capacity 4821K, committed 5120K, reserved 1056768K
  class space    used 147K, capacity 459K, committed 512K, reserved 1048576K
Heap Regions: E=young(eden), S=young(survivor), O=old, HS=humongous(starts), HC=humongous(continues), CS=collection set, F=free, A=archive, TAMS=top-at-mark-start (previous, next)
|   0|0x0000000700000000, 0x0000000700100000, 0x0000000700100000|100%|HS|  |TAMS 0x0000000700000000, 0x0000000700100000| Complete 
|   1|0x0000000700100000, 0x0000000700200000, 0x0000000700200000|100%|HC|  |TAMS 0x0000000700100000, 0x0000000700200000| Complete 
|   2|0x0000000700200000, 0x0000000700300000, 0x0000000700300000|100%|HC|  |TAMS 0x0000000700200000, 0x0000000700300000| Complete 
|   3|0x0000000700300000, 0x0000000700400000, 0x0000000700400000|100%|HC|  |TAMS 0x0000000700300000, 0x0000000700400000| Complete 
|   4|0x0000000700400000, 0x0000000700500000, 0x0000000700500000|100%|HC|  |TAMS 0x0000000700400000, 0x0000000700500000| Complete 
|   5|0x0000000700500000, 0x0000000700600000, 0x0000000700600000|100%|HC|  |TAMS 0x0000000700500000, 0x0000000700600000| Complete 
|   6|0x0000000700600000, 0x0000000700700000, 0x0000000700700000|100%|HC|  |TAMS 0x0000000700600000, 0x0000000700700000| Complete 
|   7|0x0000000700700000, 0x0000000700800000, 0x0000000700800000|100%|HC|  |TAMS 0x0000000700700000, 0x0000000700800000| Complete 
|   8|0x0000000700800000, 0x0000000700900000, 0x0000000700900000|100%| O|  |TAMS 0x0000000700800000, 0x0000000700900000| Untracked 
|   9|0x0000000700900000, 0x0000000700a00000, 0x0000000700a00000|100%| O|  |TAMS 0x0000000700900000, 0x0000000700a00000| Untracked 
|  10|0x0000000700a00000, 0x0000000700b00000, 0x0000000700b00000|100%| O|  |TAMS 0x0000000700a00000, 0x0000000700b00000| Untracked 
|  11|0x0000000700b00000, 0x0000000700c00000, 0x0000000700c00000|100%| O|  |TAMS 0x0000000700b00000, 0x0000000700c00000| Untracked 
|  12|0x0000000700c00000, 0x0000000700d00000, 0x0000000700d00000|100%| O|  |TAMS 0x0000000700c00000, 0x0000000700d00000| Untracked 
|  13|0x0000000700d00000, 0x0000000700e00000, 0x0000000700e00000|100%| O|  |TAMS 0x0000000700d00000, 0x0000000700e00000| Untracked 
|  14|0x0000000700e00000, 0x0000000700f00000, 0x0000000700f00000|100%| O|  |TAMS 0x0000000700e00000, 0x0000000700f00000| Untracked 
|  15|0x0000000700f00000, 0x0000000701000000, 0x0000000701000000|100%| O|  |TAMS 0x0000000700f00000, 0x0000000701000000| Untracked 
|  16|0x0000000701000000, 0x0000000701100000, 0x0000000701100000|100%| O|  |TAMS 0x0000000701000000, 0x0000000701100000| Untracked 
|  17|0x0000000701100000, 0x0000000701200000, 0x0000000701200000|100%| O|  |TAMS 0x0000000701100000, 0x0000000701200000| Untracked 
|  18|0x0000000701200000, 0x0000000701300000, 0x0000000701300000|100%| O|  |TAMS 0x0000000701200000, 0x0000000701300000| Untracked 
|  19|0x0000000701300000, 0x0000000701400000, 0x0000000701400000|100%| O|  |TAMS 0x0000000701300000, 0x0000000701400000| Untracked 
|  20|0x0000000701400000, 0x0000000701500000, 0x0000000701500000|100%| O|  |TAMS 0x0000000701400000, 0x0000000701500000| Untracked 
|  21|0x0000000701500000, 0x0000000701600000, 0x0000000701600000|100%| O|  |TAMS 0x0000000701500000, 0x0000000701600000| Untracked 
|  22|0x0000000701600000, 0x0000000701700000, 0x0000000701700000|100%| O|  |TAMS 0x0000000701600000, 0x0000000701700000| Untracked 
|  23|0x0000000701700000, 0x0000000701800000, 0x0000000701800000|100%| O|  |TAMS 0x0000000701700000, 0x0000000701800000| Untracked 
|  24|0x0000000701800000, 0x0000000701900000, 0x0000000701900000|100%| O|  |TAMS 0x0000000701800000, 0x0000000701900000| Untracked 
|  25|0x0000000701900000, 0x0000000701a00000, 0x0000000701a00000|100%| O|  |TAMS 0x0000000701900000, 0x0000000701a00000| Untracked 
|  26|0x0000000701a00000, 0x0000000701b00000, 0x0000000701b00000|100%| O|  |TAMS 0x0000000701a00000, 0x0000000701b00000| Untracked 
|  27|0x0000000701b00000, 0x0000000701c00000, 0x0000000701c00000|100%| O|  |TAMS 0x0000000701b00000, 0x0000000701c00000| Untracked 
|  28|0x0000000701c00000, 0x0000000701d00000, 0x0000000701d00000|100%| O|  |TAMS 0x0000000701c00000, 0x0000000701d00000| Untracked 
|  29|0x0000000701d00000, 0x0000000701e00000, 0x0000000701e00000|100%| O|  |TAMS 0x0000000701d00000, 0x0000000701e00000| Untracked 
|  30|0x0000000701e00000, 0x0000000701f00000, 0x0000000701f00000|100%| O|  |TAMS 0x0000000701e00000, 0x0000000701f00000| Untracked 
|  31|0x0000000701f00000, 0x0000000702000000, 0x0000000702000000|100%| O|  |TAMS 0x0000000701f00000, 0x0000000702000000| Untracked 
|  32|0x0000000702000000, 0x0000000702100000, 0x0000000702100000|100%| O|  |TAMS 0x0000000702000000, 0x0000000702100000| Untracked 
|  33|0x0000000702100000, 0x0000000702200000, 0x0000000702200000|100%| O|  |TAMS 0x0000000702100000, 0x0000000702200000| Untracked 
|  34|0x0000000702200000, 0x0000000702300000, 0x0000000702300000|100%| O|  |TAMS 0x0000000702200000, 0x0000000702300000| Untracked 
|  35|0x0000000702300000, 0x0000000702400000, 0x0000000702400000|100%| O|  |TAMS 0x0000000702300000, 0x0000000702400000| Untracked 
|  36|0x0000000702400000, 0x0000000702500000, 0x0000000702500000|100%| O|  |TAMS 0x0000000702400000, 0x0000000702500000| Untracked 
|  37|0x0000000702500000, 0x0000000702600000, 0x0000000702600000|100%| O|  |TAMS 0x0000000702500000, 0x0000000702600000| Untracked 
|  38|0x0000000702600000, 0x0000000702700000, 0x0000000702700000|100%| O|  |TAMS 0x0000000702600000, 0x0000000702700000| Untracked 
|  39|0x0000000702700000, 0x0000000702800000, 0x0000000702800000|100%| O|  |TAMS 0x0000000702700000, 0x0000000702800000| Untracked 
|  40|0x0000000702800000, 0x0000000702900000, 0x0000000702900000|100%| O|  |TAMS 0x0000000702800000, 0x0000000702900000| Untracked 
|  41|0x0000000702900000, 0x0000000702a00000, 0x0000000702a00000|100%| O|  |TAMS 0x0000000702900000, 0x0000000702a00000| Untracked 
|  42|0x0000000702a00000, 0x0000000702b00000, 0x0000000702b00000|100%| O|  |TAMS 0x0000000702a00000, 0x0000000702b00000| Untracked 
|  43|0x0000000702b00000, 0x0000000702c00000, 0x0000000702c00000|100%| O|  |TAMS 0x0000000702b00000, 0x0000000702c00000| Untracked 
|  44|0x0000000702c00000, 0x0000000702d00000, 0x0000000702d00000|100%| O|  |TAMS 0x0000000702c00000, 0x0000000702d00000| Untracked 
|  45|0x0000000702d00000, 0x0000000702e00000, 0x0000000702e00000|100%| O|  |TAMS 0x0000000702d00000, 0x0000000702e00000| Untracked 
|  46|0x0000000702e00000, 0x0000000702f00000, 0x0000000702f00000|100%| O|  |TAMS 0x0000000702e00000, 0x0000000702f00000| Untracked 
|  47|0x0000000702f00000, 0x0000000703000000, 0x0000000703000000|100%| O|  |TAMS 0x0000000702f00000, 0x0000000703000000| Untracked 
|  48|0x0000000703000000, 0x0000000703100000, 0x0000000703100000|100%| O|  |TAMS 0x0000000703000000, 0x0000000703100000| Untracked 
|  49|0x0000000703100000, 0x0000000703200000, 0x0000000703200000|100%| O|  |TAMS 0x0000000703100000, 0x0000000703200000| Untracked 
|  50|0x0000000703200000, 0x0000000703300000, 0x0000000703300000|100%| O|  |TAMS 0x0000000703200000, 0x0000000703300000| Untracked 
|  51|0x0000000703300000, 0x0000000703400000, 0x0000000703400000|100%| O|  |TAMS 0x0000000703300000, 0x0000000703400000| Untracked 
|  52|0x0000000703400000, 0x0000000703500000, 0x0000000703500000|100%| O|  |TAMS 0x0000000703400000, 0x0000000703500000| Untracked 
|  53|0x0000000703500000, 0x0000000703600000, 0x0000000703600000|100%| O|  |TAMS 0x0000000703500000, 0x0000000703600000| Untracked 
|  54|0x0000000703600000, 0x0000000703700000, 0x0000000703700000|100%| O|  |TAMS 0x0000000703600000, 0x0000000703700000| Untracked 
|  55|0x0000000703700000, 0x0000000703800000, 0x0000000703800000|100%| O|  |TAMS 0x0000000703700000, 0x0000000703800000| Untracked 
|  56|0x0000000703800000, 0x0000000703900000, 0x0000000703900000|100%| O|  |TAMS 0x0000000703800000, 0x0000000703900000| Untracked 
|  57|0x0000000703900000, 0x0000000703a00000, 0x0000000703a00000|100%| O|  |TAMS 0x0000000703900000, 0x0000000703a00000| Untracked 
|  58|0x0000000703a00000, 0x0000000703b00000, 0x0000000703b00000|100%| O|  |TAMS 0x0000000703a00000, 0x0000000703b00000| Untracked 
|  59|0x0000000703b00000, 0x0000000703c00000, 0x0000000703c00000|100%| O|  |TAMS 0x0000000703b00000, 0x0000000703c00000| Untracked 
|  60|0x0000000703c00000, 0x0000000703d00000, 0x0000000703d00000|100%| O|  |TAMS 0x0000000703c00000, 0x0000000703d00000| Untracked 
|  61|0x0000000703d00000, 0x0000000703e00000, 0x0000000703e00000|100%| O|  |TAMS 0x0000000703d00000, 0x0000000703e00000| Untracked 
|  62|0x0000000703e00000, 0x0000000703f00000, 0x0000000703f00000|100%| O|  |TAMS 0x0000000703e00000, 0x0000000703f00000| Untracked 
|  63|0x0000000703f00000, 0x0000000704000000, 0x0000000704000000|100%| O|  |TAMS 0x0000000703f00000, 0x0000000704000000| Untracked 
|  64|0x0000000704000000, 0x0000000704100000, 0x0000000704100000|100%| O|  |TAMS 0x0000000704000000, 0x0000000704100000| Untracked 
|  65|0x0000000704100000, 0x0000000704200000, 0x0000000704200000|100%| O|  |TAMS 0x0000000704100000, 0x0000000704200000| Untracked 
|  66|0x0000000704200000, 0x0000000704300000, 0x0000000704300000|100%| O|  |TAMS 0x0000000704200000, 0x0000000704300000| Untracked 
|  67|0x0000000704300000, 0x0000000704400000, 0x0000000704400000|100%| O|  |TAMS 0x0000000704300000, 0x0000000704400000| Untracked 
|  68|0x0000000704400000, 0x0000000704500000, 0x0000000704500000|100%| O|  |TAMS 0x0000000704400000, 0x0000000704500000| Untracked 
|  69|0x0000000704500000, 0x0000000704600000, 0x0000000704600000|100%| O|  |TAMS 0x0000000704500000, 0x0000000704600000| Untracked 
|  70|0x0000000704600000, 0x0000000704700000, 0x0000000704700000|100%| O|  |TAMS 0x0000000704600000, 0x0000000704700000| Untracked 
|  71|0x0000000704700000, 0x0000000704800000, 0x0000000704800000|100%| O|  |TAMS 0x0000000704700000, 0x0000000704800000| Untracked 
|  72|0x0000000704800000, 0x0000000704900000, 0x0000000704900000|100%| O|  |TAMS 0x0000000704800000, 0x0000000704900000| Untracked 
|  73|0x0000000704900000, 0x0000000704a00000, 0x0000000704a00000|100%| O|  |TAMS 0x0000000704900000, 0x0000000704a00000| Untracked 
|  74|0x0000000704a00000, 0x0000000704b00000, 0x0000000704b00000|100%| O|  |TAMS 0x0000000704a00000, 0x0000000704b00000| Untracked 
|  75|0x0000000704b00000, 0x0000000704c00000, 0x0000000704c00000|100%| O|  |TAMS 0x0000000704b00000, 0x0000000704c00000| Untracked 
|  76|0x0000000704c00000, 0x0000000704d00000, 0x0000000704d00000|100%| O|  |TAMS 0x0000000704c00000, 0x0000000704d00000| Untracked 
|  77|0x0000000704d00000, 0x0000000704e00000, 0x0000000704e00000|100%| O|  |TAMS 0x0000000704d00000, 0x0000000704e00000| Untracked 
|  78|0x0000000704e00000, 0x0000000704f00000, 0x0000000704f00000|100%| O|  |TAMS 0x0000000704e00000, 0x0000000704f00000| Untracked 
|  79|0x0000000704f00000, 0x0000000705000000, 0x0000000705000000|100%|HS|  |TAMS 0x0000000704f00000, 0x0000000705000000| Complete 
|  80|0x0000000705000000, 0x0000000705100000, 0x0000000705100000|100%|HS|  |TAMS 0x0000000705000000, 0x0000000705100000| Complete 
|  81|0x0000000705100000, 0x0000000705200000, 0x0000000705200000|100%|HS|  |TAMS 0x0000000705100000, 0x0000000705200000| Complete 
|  82|0x0000000705200000, 0x0000000705300000, 0x0000000705300000|100%|HC|  |TAMS 0x0000000705200000, 0x0000000705300000| Complete 
|  83|0x0000000705300000, 0x0000000705400000, 0x0000000705400000|100%|HS|  |TAMS 0x0000000705300000, 0x0000000705400000| Complete 
|  84|0x0000000705400000, 0x0000000705500000, 0x0000000705500000|100%|HC|  |TAMS 0x0000000705400000, 0x0000000705500000| Complete 
|  85|0x0000000705500000, 0x0000000705600000, 0x0000000705600000|100%|HC|  |TAMS 0x0000000705500000, 0x0000000705600000| Complete 
|  86|0x0000000705600000, 0x0000000705700000, 0x0000000705700000|100%|HS|  |TAMS 0x0000000705600000, 0x0000000705700000| Complete 
|  87|0x0000000705700000, 0x0000000705800000, 0x0000000705800000|100%|HC|  |TAMS 0x0000000705700000, 0x0000000705800000| Complete 
|  88|0x0000000705800000, 0x0000000705900000, 0x0000000705900000|100%|HC|  |TAMS 0x0000000705800000, 0x0000000705900000| Complete 
|  89|0x0000000705900000, 0x0000000705a00000, 0x0000000705a00000|100%|HC|  |TAMS 0x0000000705900000, 0x0000000705a00000| Complete 
|  90|0x0000000705a00000, 0x0000000705b00000, 0x0000000705b00000|100%|HS|  |TAMS 0x0000000705a00000, 0x0000000705b00000| Complete 
|  91|0x0000000705b00000, 0x0000000705c00000, 0x0000000705c00000|100%|HS|  |TAMS 0x0000000705b00000, 0x0000000705c00000| Complete 
|  92|0x0000000705c00000, 0x0000000705d00000, 0x0000000705d00000|100%|HS|  |TAMS 0x0000000705c00000, 0x0000000705d00000| Complete 
|  93|0x0000000705d00000, 0x0000000705e00000, 0x0000000705e00000|100%|HC|  |TAMS 0x0000000705d00000, 0x0000000705e00000| Complete 
|  94|0x0000000705e00000, 0x0000000705f00000, 0x0000000705f00000|100%|HS|  |TAMS 0x0000000705e00000, 0x0000000705f00000| Complete 
|  95|0x0000000705f00000, 0x0000000706000000, 0x0000000706000000|100%|HC|  |TAMS 0x0000000705f00000, 0x0000000706000000| Complete 
|  96|0x0000000706000000, 0x0000000706100000, 0x0000000706100000|100%|HC|  |TAMS 0x0000000706000000, 0x0000000706100000| Complete 
|  97|0x0000000706100000, 0x0000000706200000, 0x0000000706200000|100%|HS|  |TAMS 0x0000000706100000, 0x0000000706200000| Complete 
|  98|0x0000000706200000, 0x0000000706300000, 0x0000000706300000|100%|HC|  |TAMS 0x0000000706200000, 0x0000000706300000| Complete 
|  99|0x0000000706300000, 0x0000000706400000, 0x0000000706400000|100%|HC|  |TAMS 0x0000000706300000, 0x0000000706400000| Complete 
| 100|0x0000000706400000, 0x0000000706500000, 0x0000000706500000|100%|HC|  |TAMS 0x0000000706400000, 0x0000000706500000| Complete 
| 101|0x0000000706500000, 0x0000000706600000, 0x0000000706600000|100%|HS|  |TAMS 0x0000000706500000, 0x0000000706600000| Complete 
| 102|0x0000000706600000, 0x0000000706700000, 0x0000000706700000|100%|HC|  |TAMS 0x0000000706600000, 0x0000000706700000| Complete 
| 103|0x0000000706700000, 0x0000000706800000, 0x0000000706800000|100%|HC|  |TAMS 0x0000000706700000, 0x0000000706800000| Complete 
| 104|0x0000000706800000, 0x0000000706900000, 0x0000000706900000|100%|HC|  |TAMS 0x0000000706800000, 0x0000000706900000| Complete 
| 105|0x0000000706900000, 0x0000000706a00000, 0x0000000706a00000|100%|HC|  |TAMS 0x0000000706900000, 0x0000000706a00000| Complete 
| 106|0x0000000706a00000, 0x0000000706b00000, 0x0000000706b00000|100%|HC|  |TAMS 0x0000000706a00000, 0x0000000706b00000| Complete 
| 107|0x0000000706b00000, 0x0000000706c00000, 0x0000000706c00000|100%|HC|  |TAMS 0x0000000706b00000, 0x0000000706c00000| Complete 
| 108|0x0000000706c00000, 0x0000000706d00000, 0x0000000706d00000|100%|HC|  |TAMS 0x0000000706c00000, 0x0000000706d00000| Complete 
| 109|0x0000000706d00000, 0x0000000706e00000, 0x0000000706e00000|100%| O|  |TAMS 0x0000000706d00000, 0x0000000706e00000| Untracked 
| 110|0x0000000706e00000, 0x0000000706f00000, 0x0000000706f00000|100%| O|  |TAMS 0x0000000706e00000, 0x0000000706f00000| Untracked 
| 111|0x0000000706f00000, 0x0000000707000000, 0x0000000707000000|100%| O|  |TAMS 0x0000000706f00000, 0x0000000707000000| Untracked 
| 112|0x0000000707000000, 0x0000000707100000, 0x0000000707100000|100%| O|  |TAMS 0x0000000707000000, 0x0000000707100000| Untracked 
| 113|0x0000000707100000, 0x0000000707200000, 0x0000000707200000|100%| O|  |TAMS 0x0000000707100000, 0x0000000707200000| Untracked 
| 114|0x0000000707200000, 0x0000000707300000, 0x0000000707300000|100%| O|  |TAMS 0x0000000707200000, 0x0000000707300000| Untracked 
| 115|0x0000000707300000, 0x0000000707400000, 0x0000000707400000|100%| O|  |TAMS 0x0000000707300000, 0x0000000707400000| Untracked 
| 116|0x0000000707400000, 0x0000000707500000, 0x0000000707500000|100%| O|  |TAMS 0x0000000707400000, 0x0000000707500000| Untracked 
| 117|0x0000000707500000, 0x0000000707600000, 0x0000000707600000|100%| O|  |TAMS 0x0000000707500000, 0x0000000707600000| Untracked 
| 118|0x0000000707600000, 0x0000000707700000, 0x0000000707700000|100%| O|  |TAMS 0x0000000707600000, 0x0000000707700000| Untracked 
| 119|0x0000000707700000, 0x0000000707800000, 0x0000000707800000|100%| O|  |TAMS 0x0000000707700000, 0x0000000707800000| Untracked 
| 120|0x0000000707800000, 0x0000000707900000, 0x0000000707900000|100%| O|  |TAMS 0x0000000707800000, 0x0000000707900000| Untracked 
| 121|0x0000000707900000, 0x0000000707a00000, 0x0000000707a00000|100%| O|  |TAMS 0x0000000707900000, 0x0000000707a00000| Untracked 
| 122|0x0000000707a00000, 0x0000000707b00000, 0x0000000707b00000|100%| O|  |TAMS 0x0000000707a00000, 0x0000000707b00000| Untracked 
| 123|0x0000000707b00000, 0x0000000707c00000, 0x0000000707c00000|100%| O|  |TAMS 0x0000000707b00000, 0x0000000707c00000| Untracked 
| 124|0x0000000707c00000, 0x0000000707d00000, 0x0000000707d00000|100%| O|  |TAMS 0x0000000707c00000, 0x0000000707d00000| Untracked 
| 125|0x0000000707d00000, 0x0000000707e00000, 0x0000000707e00000|100%| O|  |TAMS 0x0000000707d00000, 0x0000000707e00000| Untracked 
| 126|0x0000000707e00000, 0x0000000707f00000, 0x0000000707f00000|100%| O|  |TAMS 0x0000000707e00000, 0x0000000707f00000| Untracked 
| 127|0x0000000707f00000, 0x0000000708000000, 0x0000000708000000|100%| O|  |TAMS 0x0000000707f00000, 0x0000000708000000| Untracked 
| 128|0x0000000708000000, 0x0000000708100000, 0x0000000708100000|100%| O|  |TAMS 0x0000000708000000, 0x0000000708100000| Untracked 
| 129|0x0000000708100000, 0x0000000708200000, 0x0000000708200000|100%| O|  |TAMS 0x0000000708100000, 0x0000000708200000| Untracked 
| 130|0x0000000708200000, 0x0000000708300000, 0x0000000708300000|100%| O|  |TAMS 0x0000000708200000, 0x0000000708300000| Untracked 
| 131|0x0000000708300000, 0x0000000708400000, 0x0000000708400000|100%| O|  |TAMS 0x0000000708300000, 0x0000000708400000| Untracked 
| 132|0x0000000708400000, 0x0000000708500000, 0x0000000708500000|100%| O|  |TAMS 0x0000000708400000, 0x0000000708500000| Untracked 
| 133|0x0000000708500000, 0x0000000708600000, 0x0000000708600000|100%| O|  |TAMS 0x0000000708500000, 0x0000000708600000| Untracked 
| 134|0x0000000708600000, 0x0000000708700000, 0x0000000708700000|100%| O|  |TAMS 0x0000000708600000, 0x0000000708700000| Untracked 
| 135|0x0000000708700000, 0x0000000708800000, 0x0000000708800000|100%| O|  |TAMS 0x0000000708700000, 0x0000000708800000| Untracked 
| 136|0x0000000708800000, 0x0000000708900000, 0x0000000708900000|100%| O|  |TAMS 0x0000000708800000, 0x0000000708900000| Untracked 
| 137|0x0000000708900000, 0x0000000708a00000, 0x0000000708a00000|100%| O|  |TAMS 0x0000000708900000, 0x0000000708a00000| Untracked 
| 138|0x0000000708a00000, 0x0000000708b00000, 0x0000000708b00000|100%| O|  |TAMS 0x0000000708a00000, 0x0000000708b00000| Untracked 
| 139|0x0000000708b00000, 0x0000000708c00000, 0x0000000708c00000|100%| O|  |TAMS 0x0000000708b00000, 0x0000000708c00000| Untracked 
| 140|0x0000000708c00000, 0x0000000708d00000, 0x0000000708d00000|100%| O|  |TAMS 0x0000000708c00000, 0x0000000708d00000| Untracked 
| 141|0x0000000708d00000, 0x0000000708e00000, 0x0000000708e00000|100%| O|  |TAMS 0x0000000708d00000, 0x0000000708e00000| Untracked 
| 142|0x0000000708e00000, 0x0000000708f00000, 0x0000000708f00000|100%| O|  |TAMS 0x0000000708e00000, 0x0000000708f00000| Untracked 
| 143|0x0000000708f00000, 0x0000000709000000, 0x0000000709000000|100%| O|  |TAMS 0x0000000708f00000, 0x0000000708f00000| Untracked 
| 144|0x0000000709000000, 0x0000000709100000, 0x0000000709100000|100%| O|  |TAMS 0x0000000709000000, 0x0000000709000000| Untracked 
| 145|0x0000000709100000, 0x0000000709200000, 0x0000000709200000|100%| O|  |TAMS 0x0000000709100000, 0x0000000709100000| Untracked 
| 146|0x0000000709200000, 0x0000000709300000, 0x0000000709300000|100%| O|  |TAMS 0x0000000709200000, 0x0000000709200000| Untracked 
| 147|0x0000000709300000, 0x0000000709400000, 0x0000000709400000|100%| O|  |TAMS 0x0000000709300000, 0x0000000709300000| Untracked 
| 148|0x0000000709400000, 0x0000000709500000, 0x0000000709500000|100%| O|  |TAMS 0x0000000709400000, 0x0000000709400000| Untracked 
| 149|0x0000000709500000, 0x0000000709600000, 0x0000000709600000|100%| O|  |TAMS 0x0000000709500000, 0x0000000709500000| Untracked 
| 150|0x0000000709600000, 0x0000000709700000, 0x0000000709700000|100%| O|  |TAMS 0x0000000709600000, 0x0000000709600000| Untracked 
| 151|0x0000000709700000, 0x0000000709800000, 0x0000000709800000|100%| O|  |TAMS 0x0000000709700000, 0x0000000709700000| Untracked 
| 152|0x0000000709800000, 0x0000000709900000, 0x0000000709900000|100%| O|  |TAMS 0x0000000709800000, 0x0000000709800000| Untracked 
| 153|0x0000000709900000, 0x0000000709a00000, 0x0000000709a00000|100%| O|  |TAMS 0x0000000709900000, 0x0000000709900000| Untracked 
| 154|0x0000000709a00000, 0x0000000709b00000, 0x0000000709b00000|100%| O|  |TAMS 0x0000000709a00000, 0x0000000709a00000| Untracked 
| 155|0x0000000709b00000, 0x0000000709c00000, 0x0000000709c00000|100%| O|  |TAMS 0x0000000709b00000, 0x0000000709b00000| Untracked 
| 156|0x0000000709c00000, 0x0000000709d00000, 0x0000000709d00000|100%| O|  |TAMS 0x0000000709c00000, 0x0000000709c00000| Untracked 
| 157|0x0000000709d00000, 0x0000000709e00000, 0x0000000709e00000|100%| O|  |TAMS 0x0000000709d00000, 0x0000000709d00000| Untracked 
| 158|0x0000000709e00000, 0x0000000709f00000, 0x0000000709f00000|100%| O|  |TAMS 0x0000000709e00000, 0x0000000709e00000| Untracked 
| 159|0x0000000709f00000, 0x000000070a000000, 0x000000070a000000|100%| O|  |TAMS 0x0000000709f00000, 0x0000000709f00000| Untracked 
| 160|0x000000070a000000, 0x000000070a100000, 0x000000070a100000|100%| O|  |TAMS 0x000000070a000000, 0x000000070a000000| Untracked 
| 161|0x000000070a100000, 0x000000070a200000, 0x000000070a200000|100%| O|  |TAMS 0x000000070a100000, 0x000000070a100000| Untracked 
| 162|0x000000070a200000, 0x000000070a300000, 0x000000070a300000|100%| O|  |TAMS 0x000000070a200000, 0x000000070a200000| Untracked 
| 163|0x000000070a300000, 0x000000070a400000, 0x000000070a400000|100%| O|  |TAMS 0x000000070a300000, 0x000000070a300000| Untracked 
| 164|0x000000070a400000, 0x000000070a500000, 0x000000070a500000|100%| O|  |TAMS 0x000000070a400000, 0x000000070a400000| Untracked 
| 165|0x000000070a500000, 0x000000070a600000, 0x000000070a600000|100%| O|  |TAMS 0x000000070a500000, 0x000000070a500000| Untracked 
| 166|0x000000070a600000, 0x000000070a700000, 0x000000070a700000|100%| O|  |TAMS 0x000000070a600000, 0x000000070a600000| Untracked 
| 167|0x000000070a700000, 0x000000070a800000, 0x000000070a800000|100%| O|  |TAMS 0x000000070a700000, 0x000000070a700000| Untracked 
| 168|0x000000070a800000, 0x000000070a900000, 0x000000070a900000|100%| O|  |TAMS 0x000000070a800000, 0x000000070a800000| Untracked 
| 169|0x000000070a900000, 0x000000070aa00000, 0x000000070aa00000|100%| O|  |TAMS 0x000000070a900000, 0x000000070a900000| Untracked 
| 170|0x000000070aa00000, 0x000000070ab00000, 0x000000070ab00000|100%| O|  |TAMS 0x000000070aa00000, 0x000000070aa00000| Untracked 
| 171|0x000000070ab00000, 0x000000070ac00000, 0x000000070ac00000|100%| O|  |TAMS 0x000000070ab00000, 0x000000070ab00000| Untracked 
| 172|0x000000070ac00000, 0x000000070ac00000, 0x000000070ad00000|  0%| F|  |TAMS 0x000000070ac00000, 0x000000070ac00000| Untracked 
| 173|0x000000070ad00000, 0x000000070ad00000, 0x000000070ae00000|  0%| F|  |TAMS 0x000000070ad00000, 0x000000070ad00000| Untracked 
| 174|0x000000070ae00000, 0x000000070ae00000, 0x000000070af00000|  0%| F|  |TAMS 0x000000070ae00000, 0x000000070ae00000| Untracked 
| 175|0x000000070af00000, 0x000000070af00000, 0x000000070b000000|  0%| F|  |TAMS 0x000000070af00000, 0x000000070af00000| Untracked 
| 176|0x000000070b000000, 0x000000070b000000, 0x000000070b100000|  0%| F|  |TAMS 0x000000070b000000, 0x000000070b000000| Untracked 
| 177|0x000000070b100000, 0x000000070b100000, 0x000000070b200000|  0%| F|  |TAMS 0x000000070b100000, 0x000000070b100000| Untracked 
| 178|0x000000070b200000, 0x000000070b200000, 0x000000070b300000|  0%| F|  |TAMS 0x000000070b200000, 0x000000070b200000| Untracked 
| 179|0x000000070b300000, 0x000000070b300000, 0x000000070b400000|  0%| F|  |TAMS 0x000000070b300000, 0x000000070b300000| Untracked 
| 180|0x000000070b400000, 0x000000070b400000, 0x000000070b500000|  0%| F|  |TAMS 0x000000070b400000, 0x000000070b400000| Untracked 
| 181|0x000000070b500000, 0x000000070b500000, 0x000000070b600000|  0%| F|  |TAMS 0x000000070b500000, 0x000000070b500000| Untracked 
| 182|0x000000070b600000, 0x000000070b600000, 0x000000070b700000|  0%| F|  |TAMS 0x000000070b600000, 0x000000070b600000| Untracked 
| 183|0x000000070b700000, 0x000000070b700000, 0x000000070b800000|  0%| F|  |TAMS 0x000000070b700000, 0x000000070b700000| Untracked 
| 184|0x000000070b800000, 0x000000070b800000, 0x000000070b900000|  0%| F|  |TAMS 0x000000070b800000, 0x000000070b800000| Untracked 
| 185|0x000000070b900000, 0x000000070b900000, 0x000000070ba00000|  0%| F|  |TAMS 0x000000070b900000, 0x000000070b900000| Untracked 
| 186|0x000000070ba00000, 0x000000070ba00000, 0x000000070bb00000|  0%| F|  |TAMS 0x000000070ba00000, 0x000000070ba00000| Untracked 
| 187|0x000000070bb00000, 0x000000070bb00000, 0x000000070bc00000|  0%| F|  |TAMS 0x000000070bb00000, 0x000000070bb00000| Untracked 
| 188|0x000000070bc00000, 0x000000070bc00000, 0x000000070bd00000|  0%| F|  |TAMS 0x000000070bc00000, 0x000000070bc00000| Untracked 
| 189|0x000000070bd00000, 0x000000070bd00000, 0x000000070be00000|  0%| F|  |TAMS 0x000000070bd00000, 0x000000070bd00000| Untracked 
| 190|0x000000070be00000, 0x000000070be00000, 0x000000070bf00000|  0%| F|  |TAMS 0x000000070be00000, 0x000000070be00000| Untracked 
| 191|0x000000070bf00000, 0x000000070bf00000, 0x000000070c000000|  0%| F|  |TAMS 0x000000070bf00000, 0x000000070bf00000| Untracked 
| 192|0x000000070c000000, 0x000000070c000000, 0x000000070c100000|  0%| F|  |TAMS 0x000000070c000000, 0x000000070c000000| Untracked 
| 193|0x000000070c100000, 0x000000070c100000, 0x000000070c200000|  0%| F|  |TAMS 0x000000070c100000, 0x000000070c100000| Untracked 
| 194|0x000000070c200000, 0x000000070c200000, 0x000000070c300000|  0%| F|  |TAMS 0x000000070c200000, 0x000000070c200000| Untracked 
| 195|0x000000070c300000, 0x000000070c300000, 0x000000070c400000|  0%| F|  |TAMS 0x000000070c300000, 0x000000070c300000| Untracked 
| 196|0x000000070c400000, 0x000000070c400000, 0x000000070c500000|  0%| F|  |TAMS 0x000000070c400000, 0x000000070c400000| Untracked 
| 197|0x000000070c500000, 0x000000070c500000, 0x000000070c600000|  0%| F|  |TAMS 0x000000070c500000, 0x000000070c500000| Untracked 
| 198|0x000000070c600000, 0x000000070c600000, 0x000000070c700000|  0%| F|  |TAMS 0x000000070c600000, 0x000000070c600000| Untracked 
| 199|0x000000070c700000, 0x000000070c700000, 0x000000070c800000|  0%| F|  |TAMS 0x000000070c700000, 0x000000070c700000| Untracked 
| 200|0x000000070c800000, 0x000000070c800000, 0x000000070c900000|  0%| F|  |TAMS 0x000000070c800000, 0x000000070c800000| Untracked 
| 201|0x000000070c900000, 0x000000070c900000, 0x000000070ca00000|  0%| F|  |TAMS 0x000000070c900000, 0x000000070c900000| Untracked 
| 202|0x000000070ca00000, 0x000000070ca00000, 0x000000070cb00000|  0%| F|  |TAMS 0x000000070ca00000, 0x000000070ca00000| Untracked 
| 203|0x000000070cb00000, 0x000000070cb00000, 0x000000070cc00000|  0%| F|  |TAMS 0x000000070cb00000, 0x000000070cb00000| Untracked 
| 204|0x000000070cc00000, 0x000000070cc00000, 0x000000070cd00000|  0%| F|  |TAMS 0x000000070cc00000, 0x000000070cc00000| Untracked 
| 205|0x000000070cd00000, 0x000000070cd00000, 0x000000070ce00000|  0%| F|  |TAMS 0x000000070cd00000, 0x000000070cd00000| Untracked 
| 206|0x000000070ce00000, 0x000000070ce00000, 0x000000070cf00000|  0%| F|  |TAMS 0x000000070ce00000, 0x000000070ce00000| Untracked 
| 207|0x000000070cf00000, 0x000000070cf00000, 0x000000070d000000|  0%| F|  |TAMS 0x000000070cf00000, 0x000000070cf00000| Untracked 
| 208|0x000000070d000000, 0x000000070d000000, 0x000000070d100000|  0%| F|  |TAMS 0x000000070d000000, 0x000000070d000000| Untracked 
| 209|0x000000070d100000, 0x000000070d100000, 0x000000070d200000|  0%| F|  |TAMS 0x000000070d100000, 0x000000070d100000| Untracked 
| 210|0x000000070d200000, 0x000000070d200000, 0x000000070d300000|  0%| F|  |TAMS 0x000000070d200000, 0x000000070d200000| Untracked 
| 211|0x000000070d300000, 0x000000070d300000, 0x000000070d400000|  0%| F|  |TAMS 0x000000070d300000, 0x000000070d300000| Untracked 
| 212|0x000000070d400000, 0x000000070d400000, 0x000000070d500000|  0%| F|  |TAMS 0x000000070d400000, 0x000000070d400000| Untracked 
| 213|0x000000070d500000, 0x000000070d500000, 0x000000070d600000|  0%| F|  |TAMS 0x000000070d500000, 0x000000070d500000| Untracked 
| 214|0x000000070d600000, 0x000000070d600000, 0x000000070d700000|  0%| F|  |TAMS 0x000000070d600000, 0x000000070d600000| Untracked 
| 215|0x000000070d700000, 0x000000070d700000, 0x000000070d800000|  0%| F|  |TAMS 0x000000070d700000, 0x000000070d700000| Untracked 
| 216|0x000000070d800000, 0x000000070d800000, 0x000000070d900000|  0%| F|  |TAMS 0x000000070d800000, 0x000000070d800000| Untracked 
| 217|0x000000070d900000, 0x000000070d900000, 0x000000070da00000|  0%| F|  |TAMS 0x000000070d900000, 0x000000070d900000| Untracked 
| 218|0x000000070da00000, 0x000000070da00000, 0x000000070db00000|  0%| F|  |TAMS 0x000000070da00000, 0x000000070da00000| Untracked 
| 219|0x000000070db00000, 0x000000070db00000, 0x000000070dc00000|  0%| F|  |TAMS 0x000000070db00000, 0x000000070db00000| Untracked 
| 220|0x000000070dc00000, 0x000000070dc00000, 0x000000070dd00000|  0%| F|  |TAMS 0x000000070dc00000, 0x000000070dc00000| Untracked 
| 221|0x000000070dd00000, 0x000000070dd00000, 0x000000070de00000|  0%| F|  |TAMS 0x000000070dd00000, 0x000000070dd00000| Untracked 
| 222|0x000000070de00000, 0x000000070de00000, 0x000000070df00000|  0%| F|  |TAMS 0x000000070de00000, 0x000000070de00000| Untracked 
| 223|0x000000070df00000, 0x000000070df00000, 0x000000070e000000|  0%| F|  |TAMS 0x000000070df00000, 0x000000070df00000| Untracked 
| 224|0x000000070e000000, 0x000000070e000000, 0x000000070e100000|  0%| F|  |TAMS 0x000000070e000000, 0x000000070e000000| Untracked 
| 225|0x000000070e100000, 0x000000070e100000, 0x000000070e200000|  0%| F|  |TAMS 0x000000070e100000, 0x000000070e100000| Untracked 
| 226|0x000000070e200000, 0x000000070e200000, 0x000000070e300000|  0%| F|  |TAMS 0x000000070e200000, 0x000000070e200000| Untracked 
| 227|0x000000070e300000, 0x000000070e300000, 0x000000070e400000|  0%| F|  |TAMS 0x000000070e300000, 0x000000070e300000| Untracked 
| 228|0x000000070e400000, 0x000000070e400000, 0x000000070e500000|  0%| F|  |TAMS 0x000000070e400000, 0x000000070e400000| Untracked 
| 229|0x000000070e500000, 0x000000070e500000, 0x000000070e600000|  0%| F|  |TAMS 0x000000070e500000, 0x000000070e500000| Untracked 
| 230|0x000000070e600000, 0x000000070e600000, 0x000000070e700000|  0%| F|  |TAMS 0x000000070e600000, 0x000000070e600000| Untracked 
| 231|0x000000070e700000, 0x000000070e800000, 0x000000070e800000|100%| S|CS|TAMS 0x000000070e700000, 0x000000070e700000| Complete 
| 232|0x000000070e800000, 0x000000070e900000, 0x000000070e900000|100%| S|CS|TAMS 0x000000070e800000, 0x000000070e800000| Complete 
| 233|0x000000070e900000, 0x000000070ea00000, 0x000000070ea00000|100%| S|CS|TAMS 0x000000070e900000, 0x000000070e900000| Complete 
| 234|0x000000070ea00000, 0x000000070eb00000, 0x000000070eb00000|100%| S|CS|TAMS 0x000000070ea00000, 0x000000070ea00000| Complete 
| 235|0x000000070eb00000, 0x000000070ec00000, 0x000000070ec00000|100%| S|CS|TAMS 0x000000070eb00000, 0x000000070eb00000| Complete 
| 236|0x000000070ec00000, 0x000000070ec00000, 0x000000070ed00000|  0%| F|  |TAMS 0x000000070ec00000, 0x000000070ec00000| Untracked 
| 237|0x000000070ed00000, 0x000000070ed00000, 0x000000070ee00000|  0%| F|  |TAMS 0x000000070ed00000, 0x000000070ed00000| Untracked 
| 238|0x000000070ee00000, 0x000000070ee00000, 0x000000070ef00000|  0%| F|  |TAMS 0x000000070ee00000, 0x000000070ee00000| Untracked 
| 239|0x000000070ef00000, 0x000000070ef00000, 0x000000070f000000|  0%| F|  |TAMS 0x000000070ef00000, 0x000000070ef00000| Untracked 
| 240|0x000000070f000000, 0x000000070f000000, 0x000000070f100000|  0%| F|  |TAMS 0x000000070f000000, 0x000000070f000000| Untracked 
| 241|0x000000070f100000, 0x000000070f100000, 0x000000070f200000|  0%| F|  |TAMS 0x000000070f100000, 0x000000070f100000| Untracked 
| 242|0x000000070f200000, 0x000000070f200000, 0x000000070f300000|  0%| F|  |TAMS 0x000000070f200000, 0x000000070f200000| Untracked 
| 243|0x000000070f300000, 0x000000070f300000, 0x000000070f400000|  0%| F|  |TAMS 0x000000070f300000, 0x000000070f300000| Untracked 
| 244|0x000000070f400000, 0x000000070f400000, 0x000000070f500000|  0%| F|  |TAMS 0x000000070f400000, 0x000000070f400000| Untracked 
| 245|0x000000070f500000, 0x000000070f500000, 0x000000070f600000|  0%| F|  |TAMS 0x000000070f500000, 0x000000070f500000| Untracked 
| 246|0x000000070f600000, 0x000000070f600000, 0x000000070f700000|  0%| F|  |TAMS 0x000000070f600000, 0x000000070f600000| Untracked 
| 247|0x000000070f700000, 0x000000070f700000, 0x000000070f800000|  0%| F|  |TAMS 0x000000070f700000, 0x000000070f700000| Untracked 
| 248|0x000000070f800000, 0x000000070f800000, 0x000000070f900000|  0%| F|  |TAMS 0x000000070f800000, 0x000000070f800000| Untracked 
| 249|0x000000070f900000, 0x000000070f900000, 0x000000070fa00000|  0%| F|  |TAMS 0x000000070f900000, 0x000000070f900000| Untracked 
| 250|0x000000070fa00000, 0x000000070fa00000, 0x000000070fb00000|  0%| F|  |TAMS 0x000000070fa00000, 0x000000070fa00000| Untracked 
| 251|0x000000070fb00000, 0x000000070fb00000, 0x000000070fc00000|  0%| F|  |TAMS 0x000000070fb00000, 0x000000070fb00000| Untracked 
| 252|0x000000070fc00000, 0x000000070fc00000, 0x000000070fd00000|  0%| F|  |TAMS 0x000000070fc00000, 0x000000070fc00000| Untracked 
| 253|0x000000070fd00000, 0x000000070fd00000, 0x000000070fe00000|  0%| F|  |TAMS 0x000000070fd00000, 0x000000070fd00000| Untracked 
| 254|0x000000070fe00000, 0x000000070fe00000, 0x000000070ff00000|  0%| F|  |TAMS 0x000000070fe00000, 0x000000070fe00000| Untracked 
| 255|0x000000070ff00000, 0x000000070ff00000, 0x0000000710000000|  0%| F|  |TAMS 0x000000070ff00000, 0x000000070ff00000| Untracked 
| 256|0x0000000710000000, 0x0000000710000000, 0x0000000710100000|  0%| F|  |TAMS 0x0000000710000000, 0x0000000710000000| Untracked 
| 257|0x0000000710100000, 0x0000000710100000, 0x0000000710200000|  0%| F|  |TAMS 0x0000000710100000, 0x0000000710100000| Untracked 
| 258|0x0000000710200000, 0x0000000710200000, 0x0000000710300000|  0%| F|  |TAMS 0x0000000710200000, 0x0000000710200000| Untracked 
| 259|0x0000000710300000, 0x0000000710300000, 0x0000000710400000|  0%| F|  |TAMS 0x0000000710300000, 0x0000000710300000| Untracked 
| 260|0x0000000710400000, 0x0000000710400000, 0x0000000710500000|  0%| F|  |TAMS 0x0000000710400000, 0x0000000710400000| Untracked 
| 261|0x0000000710500000, 0x0000000710500000, 0x0000000710600000|  0%| F|  |TAMS 0x0000000710500000, 0x0000000710500000| Untracked 
| 262|0x0000000710600000, 0x0000000710600000, 0x0000000710700000|  0%| F|  |TAMS 0x0000000710600000, 0x0000000710600000| Untracked 

Card table byte_map: [0x00000211f5f50000,0x00000211f6750000] _byte_map_base: 0x00000211f2750000

Marking Bits (Prev, Next): (CMBitMap*) 0x00000211de2cddb8, (CMBitMap*) 0x00000211de2cddf8
 Prev Bits: [0x00000211f6f50000, 0x00000211faf50000)
 Next Bits: [0x00000211faf50000, 0x00000211fef50000)

Polling page: 0x00000211dc060000

Metaspace:

Usage:
  Non-class:      4.26 MB capacity,     1.29 MB ( 30%) used,     2.97 MB ( 70%) free+waste,     4.13 KB ( <1%) overhead. 
      Class:    459.00 KB capacity,   147.67 KB ( 32%) used,   308.77 KB ( 67%) free+waste,     2.56 KB ( <1%) overhead. 
       Both:      4.71 MB capacity,     1.43 MB ( 30%) used,     3.27 MB ( 69%) free+waste,     6.69 KB ( <1%) overhead. 

Virtual space:
  Non-class space:        8.00 MB reserved,       4.50 MB ( 56%) committed 
      Class space:        1.00 GB reserved,     512.00 KB ( <1%) committed 
             Both:        1.01 GB reserved,       5.00 MB ( <1%) committed 

Chunk freelists:
   Non-Class:  0 bytes
       Class:  0 bytes
        Both:  0 bytes

MaxMetaspaceSize: 17179869184.00 GB
CompressedClassSpaceSize: 1.00 GB

CodeHeap 'non-profiled nmethods': size=120064Kb used=197Kb max_used=197Kb free=119866Kb
 bounds [0x00000211ee210000, 0x00000211ee480000, 0x00000211f5750000]
CodeHeap 'profiled nmethods': size=120000Kb used=654Kb max_used=654Kb free=119345Kb
 bounds [0x00000211e6ce0000, 0x00000211e6f50000, 0x00000211ee210000]
CodeHeap 'non-nmethods': size=5696Kb used=1147Kb max_used=1159Kb free=4548Kb
 bounds [0x00000211e6750000, 0x00000211e69c0000, 0x00000211e6ce0000]
 total_blobs=1288 nmethods=472 adapters=299
 compilation: enabled
              stopped_count=0, restarted_count=0
 full_count=0

Compilation events (20 events):
Event: 0.933 Thread 0x000002118201f800  462       3       jdk.internal.util.Preconditions::checkIndex (18 bytes)
Event: 0.934 Thread 0x000002118201f800 nmethod 462 0x00000211e6d7f610 code [0x00000211e6d7f800, 0x00000211e6d7fed0]
Event: 0.935 Thread 0x000002118201f800  465       3       java.lang.Class::cast (27 bytes)
Event: 0.935 Thread 0x000002118201f800 nmethod 465 0x00000211e6d80090 code [0x00000211e6d80260, 0x00000211e6d805a0]
Event: 0.940 Thread 0x000002118201f800  466       3       com.intellij.rt.execution.junit.MapSerializerUtil$1::escape (124 bytes)
Event: 0.940 Thread 0x000002118201f800 nmethod 466 0x00000211e6d80690 code [0x00000211e6d80840, 0x00000211e6d80c18]
Event: 0.940 Thread 0x000002118201f800  467       3       java.lang.reflect.Modifier::isProtected (12 bytes)
Event: 0.940 Thread 0x000002118201f800 nmethod 467 0x00000211e6d80c90 code [0x00000211e6d80e40, 0x00000211e6d80fd8]
Event: 0.944 Thread 0x0000021182010000  468       4       java.util.Random::nextInt (74 bytes)
Event: 0.945 Thread 0x000002118201f800  470 %     3       edu.coursera.parallel.StudentAnalyticsTest::generateStudentData @ 27 (129 bytes)
Event: 0.946 Thread 0x000002118201f800 nmethod 470% 0x00000211e6d81090 code [0x00000211e6d81300, 0x00000211e6d81f90]
Event: 0.946 Thread 0x0000021182010000 nmethod 468 0x00000211ee23ed10 code [0x00000211ee23eea0, 0x00000211ee23f078]
Event: 0.946 Thread 0x0000021182010000  469       4       java.util.Random::nextDouble (24 bytes)
Event: 0.946 Thread 0x000002118201f800  471       3       edu.coursera.parallel.StudentAnalyticsTest::generateStudentData (129 bytes)
Event: 0.947 Thread 0x000002118201f800 nmethod 471 0x00000211e6d82410 code [0x00000211e6d82680, 0x00000211e6d83420]
Event: 0.947 Thread 0x0000021182010000 nmethod 469 0x00000211ee23f210 code [0x00000211ee23f3c0, 0x00000211ee23f558]
Event: 0.952 Thread 0x0000021182010000  472 %     4       edu.coursera.parallel.StudentAnalyticsTest::generateStudentData @ 27 (129 bytes)
Event: 0.960 Thread 0x0000021182010000 nmethod 472% 0x00000211ee23f710 code [0x00000211ee23f900, 0x00000211ee2400b8]
Event: 0.960 Thread 0x0000021182010000  473       4       edu.coursera.parallel.StudentAnalyticsTest::generateStudentData (129 bytes)
Event: 0.968 Thread 0x0000021182010000 nmethod 473 0x00000211ee240690 code [0x00000211ee240880, 0x00000211ee241038]

GC Heap History (17 events):
Event: 0.407 GC heap before
{Heap before GC invocations=0 (full 0):
 garbage-first heap   total 131072K, used 22528K [0x0000000700000000, 0x0000000800000000)
  region size 1024K, 14 young (14336K), 0 survivors (0K)
 Metaspace       used 1278K, capacity 4799K, committed 4864K, reserved 1056768K
  class space    used 125K, capacity 451K, committed 512K, reserved 1048576K
}
Event: 0.486 GC heap after
{Heap after GC invocations=1 (full 0):
 garbage-first heap   total 131072K, used 20717K [0x0000000700000000, 0x0000000800000000)
  region size 1024K, 2 young (2048K), 2 survivors (2048K)
 Metaspace       used 1278K, capacity 4799K, committed 4864K, reserved 1056768K
  class space    used 125K, capacity 451K, committed 512K, reserved 1048576K
}
Event: 0.499 GC heap before
{Heap before GC invocations=1 (full 0):
 garbage-first heap   total 131072K, used 27885K [0x0000000700000000, 0x0000000800000000)
  region size 1024K, 9 young (9216K), 2 survivors (2048K)
 Metaspace       used 1278K, capacity 4799K, committed 4864K, reserved 1056768K
  class space    used 125K, capacity 451K, committed 512K, reserved 1048576K
}
Event: 0.515 GC heap after
{Heap after GC invocations=2 (full 0):
 garbage-first heap   total 131072K, used 28672K [0x0000000700000000, 0x0000000800000000)
  region size 1024K, 2 young (2048K), 2 survivors (2048K)
 Metaspace       used 1278K, capacity 4799K, committed 4864K, reserved 1056768K
  class space    used 125K, capacity 451K, committed 512K, reserved 1048576K
}
Event: 0.522 GC heap before
{Heap before GC invocations=2 (full 0):
 garbage-first heap   total 131072K, used 32768K [0x0000000700000000, 0x0000000800000000)
  region size 1024K, 6 young (6144K), 2 survivors (2048K)
 Metaspace       used 1278K, capacity 4799K, committed 4864K, reserved 1056768K
  class space    used 125K, capacity 451K, committed 512K, reserved 1048576K
}
Event: 0.528 GC heap after
{Heap after GC invocations=3 (full 0):
 garbage-first heap   total 131072K, used 33280K [0x0000000700000000, 0x0000000800000000)
  region size 1024K, 1 young (1024K), 1 survivors (1024K)
 Metaspace       used 1278K, capacity 4799K, committed 4864K, reserved 1056768K
  class space    used 125K, capacity 451K, committed 512K, reserved 1048576K
}
Event: 0.548 GC heap before
{Heap before GC invocations=3 (full 0):
 garbage-first heap   total 131072K, used 38400K [0x0000000700000000, 0x0000000800000000)
  region size 1024K, 6 young (6144K), 1 survivors (1024K)
 Metaspace       used 1278K, capacity 4799K, committed 4864K, reserved 1056768K
  class space    used 125K, capacity 451K, committed 512K, reserved 1048576K
}
Event: 0.555 GC heap after
{Heap after GC invocations=4 (full 0):
 garbage-first heap   total 131072K, used 38912K [0x0000000700000000, 0x0000000800000000)
  region size 1024K, 1 young (1024K), 1 survivors (1024K)
 Metaspace       used 1278K, capacity 4799K, committed 4864K, reserved 1056768K
  class space    used 125K, capacity 451K, committed 512K, reserved 1048576K
}
Event: 0.564 GC heap before
{Heap before GC invocations=4 (full 0):
 garbage-first heap   total 131072K, used 44032K [0x0000000700000000, 0x0000000800000000)
  region size 1024K, 6 young (6144K), 1 survivors (1024K)
 Metaspace       used 1278K, capacity 4799K, committed 4864K, reserved 1056768K
  class space    used 125K, capacity 451K, committed 512K, reserved 1048576K
}
Event: 0.573 GC heap after
{Heap after GC invocations=5 (full 0):
 garbage-first heap   total 269312K, used 44733K [0x0000000700000000, 0x0000000800000000)
  region size 1024K, 1 young (1024K), 1 survivors (1024K)
 Metaspace       used 1278K, capacity 4799K, committed 4864K, reserved 1056768K
  class space    used 125K, capacity 451K, committed 512K, reserved 1048576K
}
Event: 0.626 GC heap before
{Heap before GC invocations=5 (full 0):
 garbage-first heap   total 269312K, used 57021K [0x0000000700000000, 0x0000000800000000)
  region size 1024K, 13 young (13312K), 1 survivors (1024K)
 Metaspace       used 1278K, capacity 4799K, committed 4864K, reserved 1056768K
  class space    used 125K, capacity 451K, committed 512K, reserved 1048576K
}
Event: 0.644 GC heap after
{Heap after GC invocations=6 (full 0):
 garbage-first heap   total 269312K, used 57600K [0x0000000700000000, 0x0000000800000000)
  region size 1024K, 2 young (2048K), 2 survivors (2048K)
 Metaspace       used 1278K, capacity 4799K, committed 4864K, reserved 1056768K
  class space    used 125K, capacity 451K, committed 512K, reserved 1048576K
}
Event: 0.739 GC heap before
{Heap before GC invocations=6 (full 0):
 garbage-first heap   total 269312K, used 84224K [0x0000000700000000, 0x0000000800000000)
  region size 1024K, 28 young (28672K), 2 survivors (2048K)
 Metaspace       used 1278K, capacity 4799K, committed 4864K, reserved 1056768K
  class space    used 125K, capacity 451K, committed 512K, reserved 1048576K
}
Event: 0.758 GC heap after
{Heap after GC invocations=7 (full 0):
 garbage-first heap   total 269312K, used 84938K [0x0000000700000000, 0x0000000800000000)
  region size 1024K, 4 young (4096K), 4 survivors (4096K)
 Metaspace       used 1278K, capacity 4799K, committed 4864K, reserved 1056768K
  class space    used 125K, capacity 451K, committed 512K, reserved 1048576K
}
Event: 1.043 GC heap before
{Heap before GC invocations=7 (full 0):
 garbage-first heap   total 269312K, used 154570K [0x0000000700000000, 0x0000000800000000)
  region size 1024K, 43 young (44032K), 4 survivors (4096K)
 Metaspace       used 1468K, capacity 4821K, committed 5120K, reserved 1056768K
  class space    used 147K, capacity 459K, committed 512K, reserved 1048576K
}
Event: 1.066 GC heap after
{Heap after GC invocations=8 (full 0):
 garbage-first heap   total 269312K, used 152576K [0x0000000700000000, 0x0000000800000000)
  region size 1024K, 6 young (6144K), 6 survivors (6144K)
 Metaspace       used 1468K, capacity 4821K, committed 5120K, reserved 1056768K
  class space    used 147K, capacity 459K, committed 512K, reserved 1048576K
}
Event: 1.124 GC heap before
{Heap before GC invocations=8 (full 0):
 garbage-first heap   total 269312K, used 180224K [0x0000000700000000, 0x0000000800000000)
  region size 1024K, 33 young (33792K), 6 survivors (6144K)
 Metaspace       used 1468K, capacity 4821K, committed 5120K, reserved 1056768K
  class space    used 147K, capacity 459K, committed 512K, reserved 1048576K
}

Deoptimization events (20 events):
Event: 0.950 Thread 0x00000211de263800 DEOPT PACKING pc=0x00000211e6d81e51 sp=0x000000fd92dfe400
Event: 0.950 Thread 0x00000211de263800 DEOPT UNPACKING pc=0x00000211e679964e sp=0x000000fd92dfd900 mode 0
Event: 0.952 Thread 0x00000211de263800 DEOPT PACKING pc=0x00000211e6d81e51 sp=0x000000fd92dfe400
Event: 0.952 Thread 0x00000211de263800 DEOPT UNPACKING pc=0x00000211e679964e sp=0x000000fd92dfd900 mode 0
Event: 0.953 Thread 0x00000211de263800 DEOPT PACKING pc=0x00000211e6d81e51 sp=0x000000fd92dfe400
Event: 0.953 Thread 0x00000211de263800 DEOPT UNPACKING pc=0x00000211e679964e sp=0x000000fd92dfd900 mode 0
Event: 0.954 Thread 0x00000211de263800 DEOPT PACKING pc=0x00000211e6d81e51 sp=0x000000fd92dfe400
Event: 0.954 Thread 0x00000211de263800 DEOPT UNPACKING pc=0x00000211e679964e sp=0x000000fd92dfd900 mode 0
Event: 0.954 Thread 0x00000211de263800 DEOPT PACKING pc=0x00000211e6d81e51 sp=0x000000fd92dfe400
Event: 0.954 Thread 0x00000211de263800 DEOPT UNPACKING pc=0x00000211e679964e sp=0x000000fd92dfd900 mode 0
Event: 0.955 Thread 0x00000211de263800 DEOPT PACKING pc=0x00000211e6d81e51 sp=0x000000fd92dfe400
Event: 0.955 Thread 0x00000211de263800 DEOPT UNPACKING pc=0x00000211e679964e sp=0x000000fd92dfd900 mode 0
Event: 0.957 Thread 0x00000211de263800 DEOPT PACKING pc=0x00000211e6d81e51 sp=0x000000fd92dfe400
Event: 0.957 Thread 0x00000211de263800 DEOPT UNPACKING pc=0x00000211e679964e sp=0x000000fd92dfd900 mode 0
Event: 0.958 Thread 0x00000211de263800 DEOPT PACKING pc=0x00000211e6d81e51 sp=0x000000fd92dfe400
Event: 0.958 Thread 0x00000211de263800 DEOPT UNPACKING pc=0x00000211e679964e sp=0x000000fd92dfd900 mode 0
Event: 0.959 Thread 0x00000211de263800 DEOPT PACKING pc=0x00000211e6d81e51 sp=0x000000fd92dfe400
Event: 0.959 Thread 0x00000211de263800 DEOPT UNPACKING pc=0x00000211e679964e sp=0x000000fd92dfd900 mode 0
Event: 0.960 Thread 0x00000211de263800 DEOPT PACKING pc=0x00000211e6d81e51 sp=0x000000fd92dfe400
Event: 0.960 Thread 0x00000211de263800 DEOPT UNPACKING pc=0x00000211e679964e sp=0x000000fd92dfd900 mode 0

Classes unloaded (0 events):
No events

Classes redefined (0 events):
No events

Internal exceptions (3 events):
Event: 0.300 Thread 0x00000211de263800 Exception <a 'java/io/FileNotFoundException'{0x0000000707d93888}> (0x0000000707d93888) 
thrown [t:/workspace/open/src/hotspot/share/prims/jni.cpp, line 598]
Event: 0.876 Thread 0x00000211de263800 Exception <a 'java/lang/NoSuchMethodError'{0x000000070fe828e8}: 'double java.lang.invoke.DirectMethodHandle$Holder.invokeSpecial(java.lang.Object, java.lang.Object)'> (0x000000070fe828e8) 
thrown [t:/workspace/open/src/hotspot/share/interpreter/linkResolver.cpp, line 767]
Event: 0.880 Thread 0x00000211de263800 Exception <a 'java/lang/NoSuchMethodError'{0x000000070fed0138}: 'void java.lang.invoke.DirectMethodHandle$Holder.invokeStatic(java.lang.Object, java.lang.Object, double)'> (0x000000070fed0138) 
thrown [t:/workspace/open/src/hotspot/share/interpreter/linkResolver.cpp, line 767]

Events (20 events):
Event: 0.930 loading class java/util/OptionalDouble done
Event: 0.930 loading class jdk/internal/math/FloatingDecimal
Event: 0.931 loading class jdk/internal/math/FloatingDecimal done
Event: 0.931 loading class jdk/internal/math/FloatingDecimal$ExceptionalBinaryToASCIIBuffer
Event: 0.931 loading class jdk/internal/math/FloatingDecimal$BinaryToASCIIConverter
Event: 0.931 loading class jdk/internal/math/FloatingDecimal$BinaryToASCIIConverter done
Event: 0.931 loading class jdk/internal/math/FloatingDecimal$ExceptionalBinaryToASCIIBuffer done
Event: 0.931 loading class jdk/internal/math/FloatingDecimal$BinaryToASCIIBuffer
Event: 0.931 loading class jdk/internal/math/FloatingDecimal$BinaryToASCIIBuffer done
Event: 0.931 loading class jdk/internal/math/FloatingDecimal$1
Event: 0.931 loading class jdk/internal/math/FloatingDecimal$1 done
Event: 0.931 loading class jdk/internal/math/FloatingDecimal$PreparedASCIIToBinaryBuffer
Event: 0.931 loading class jdk/internal/math/FloatingDecimal$ASCIIToBinaryConverter
Event: 0.931 loading class jdk/internal/math/FloatingDecimal$ASCIIToBinaryConverter done
Event: 0.931 loading class jdk/internal/math/FloatingDecimal$PreparedASCIIToBinaryBuffer done
Event: 0.931 loading class jdk/internal/math/FDBigInteger
Event: 0.932 loading class jdk/internal/math/FDBigInteger done
Event: 1.043 Executing VM operation: G1CollectForAllocation
Event: 1.066 Executing VM operation: G1CollectForAllocation done
Event: 1.124 Executing VM operation: G1CollectForAllocation


Dynamic libraries:
0x00007ff61cf60000 - 0x00007ff61cf6d000 	C:\Program Files\Java\bin\java.exe
0x00007ff9931e0000 - 0x00007ff9933d0000 	C:\WINDOWS\SYSTEM32\ntdll.dll
0x00007ff991e00000 - 0x00007ff991eb2000 	C:\WINDOWS\System32\KERNEL32.DLL
0x00007ff990380000 - 0x00007ff990625000 	C:\WINDOWS\System32\KERNELBASE.dll
0x00007ff990630000 - 0x00007ff99072a000 	C:\WINDOWS\System32\ucrtbase.dll
0x00007ff981750000 - 0x00007ff981768000 	C:\Program Files\Java\bin\jli.dll
0x00007ff9916f0000 - 0x00007ff991885000 	C:\WINDOWS\System32\USER32.dll
0x00007ff9907d0000 - 0x00007ff9907f1000 	C:\WINDOWS\System32\win32u.dll
0x00007ff992c70000 - 0x00007ff992c96000 	C:\WINDOWS\System32\GDI32.dll
0x00007ff990170000 - 0x00007ff990306000 	C:\WINDOWS\System32\gdi32full.dll
0x00007ff990730000 - 0x00007ff9907ce000 	C:\WINDOWS\System32\msvcp_win.dll
0x00007ff98ab20000 - 0x00007ff98ab35000 	C:\Program Files\Java\bin\VCRUNTIME140.dll
0x00007ff985a60000 - 0x00007ff985ce4000 	C:\WINDOWS\WinSxS\amd64_microsoft.windows.common-controls_6595b64144ccf1df_6.0.18362.1082_none_9e8193e1e45b25c1\COMCTL32.dll
0x00007ff992b10000 - 0x00007ff992bae000 	C:\WINDOWS\System32\msvcrt.dll
0x00007ff991290000 - 0x00007ff9915c5000 	C:\WINDOWS\System32\combase.dll
0x00007ff992230000 - 0x00007ff992350000 	C:\WINDOWS\System32\RPCRT4.dll
0x00007ff9909e0000 - 0x00007ff990a60000 	C:\WINDOWS\System32\bcryptPrimitives.dll
0x00007ff991fd0000 - 0x00007ff991ffe000 	C:\WINDOWS\System32\IMM32.DLL
0x00007ff981590000 - 0x00007ff98162b000 	C:\Program Files\Java\bin\msvcp140.dll
0x00007ff947f00000 - 0x00007ff948a66000 	C:\Program Files\Java\bin\server\jvm.dll
0x00007ff992bc0000 - 0x00007ff992c63000 	C:\WINDOWS\System32\ADVAPI32.dll
0x00007ff9915d0000 - 0x00007ff991667000 	C:\WINDOWS\System32\sechost.dll
0x00007ff992bb0000 - 0x00007ff992bb8000 	C:\WINDOWS\System32\PSAPI.DLL
0x00007ff98be50000 - 0x00007ff98be59000 	C:\WINDOWS\SYSTEM32\WSOCK32.dll
0x00007ff991d70000 - 0x00007ff991ddf000 	C:\WINDOWS\System32\WS2_32.dll
0x00007ff988ea0000 - 0x00007ff988ec4000 	C:\WINDOWS\SYSTEM32\WINMM.dll
0x00007ff98ba50000 - 0x00007ff98ba5a000 	C:\WINDOWS\SYSTEM32\VERSION.dll
0x00007ff988e60000 - 0x00007ff988e8d000 	C:\WINDOWS\SYSTEM32\WINMMBASE.dll
0x00007ff990310000 - 0x00007ff99035a000 	C:\WINDOWS\System32\cfgmgr32.dll
0x00007ff990150000 - 0x00007ff990161000 	C:\WINDOWS\System32\kernel.appcore.dll
0x00007ff986010000 - 0x00007ff986020000 	C:\Program Files\Java\bin\verify.dll
0x00007ff98ea80000 - 0x00007ff98ec74000 	C:\WINDOWS\SYSTEM32\DBGHELP.DLL
0x00007ff98ba20000 - 0x00007ff98ba4a000 	C:\WINDOWS\SYSTEM32\dbgcore.DLL
0x00007ff9814e0000 - 0x00007ff981506000 	C:\Program Files\Java\bin\java.dll
0x00007ff981560000 - 0x00007ff98156e000 	C:\Program Files\Java\bin\instrument.dll
0x00007ff9814b0000 - 0x00007ff9814c7000 	C:\Program Files\Java\bin\zip.dll
0x00007ff982340000 - 0x00007ff98234a000 	C:\Program Files\Java\bin\jimage.dll
0x00007ff992350000 - 0x00007ff992a37000 	C:\WINDOWS\System32\SHELL32.dll
0x00007ff991f20000 - 0x00007ff991fc9000 	C:\WINDOWS\System32\shcore.dll
0x00007ff990b10000 - 0x00007ff991290000 	C:\WINDOWS\System32\windows.storage.dll
0x00007ff9900d0000 - 0x00007ff9900f3000 	C:\WINDOWS\System32\profapi.dll
0x00007ff990100000 - 0x00007ff99014a000 	C:\WINDOWS\System32\powrprof.dll
0x00007ff9900a0000 - 0x00007ff9900b0000 	C:\WINDOWS\System32\UMPDC.dll
0x00007ff992ca0000 - 0x00007ff992cf2000 	C:\WINDOWS\System32\shlwapi.dll
0x00007ff990360000 - 0x00007ff990377000 	C:\WINDOWS\System32\cryptsp.dll
0x00007ff98be00000 - 0x00007ff98be19000 	C:\Program Files\Java\bin\net.dll
0x00007ff98c0f0000 - 0x00007ff98c1e0000 	C:\WINDOWS\SYSTEM32\WINHTTP.dll
0x00007ff987710000 - 0x00007ff9878e6000 	C:\WINDOWS\SYSTEM32\urlmon.dll
0x00007ff987460000 - 0x00007ff987706000 	C:\WINDOWS\SYSTEM32\iertutil.dll
0x00007ff98fac0000 - 0x00007ff98facc000 	C:\WINDOWS\SYSTEM32\CRYPTBASE.DLL
0x00007ff98f8f0000 - 0x00007ff98f957000 	C:\WINDOWS\system32\mswsock.dll
0x00007ff98bdd0000 - 0x00007ff98bde3000 	C:\Program Files\Java\bin\nio.dll
0x00007ff981530000 - 0x00007ff98154a000 	C:\Program Files\JetBrains\IntelliJ IDEA 2020.1 - legal\bin\breakgen64.dll

dbghelp: loaded successfully - version: 4.0.5 - missing functions: none
symbol engine: initialized successfully - sym options: 0x614 - pdb path: .;C:\Program Files\Java\bin;C:\WINDOWS\SYSTEM32;C:\WINDOWS\WinSxS\amd64_microsoft.windows.common-controls_6595b64144ccf1df_6.0.18362.1082_none_9e8193e1e45b25c1;C:\Program Files\Java\bin\server;C:\Program Files\JetBrains\IntelliJ IDEA 2020.1 - legal\bin

VM Arguments:
jvm_args: -ea -Xmx4g -Didea.test.cyclic.buffer.size=1048576 -javaagent:C:\Program Files\JetBrains\IntelliJ IDEA 2020.1 - legal\lib\idea_rt.jar=61130:C:\Program Files\JetBrains\IntelliJ IDEA 2020.1 - legal\bin -Dfile.encoding=UTF-8 
java_command: com.intellij.rt.junit.JUnitStarter -ideVersion5 -junit4 edu.coursera.parallel.StudentAnalyticsTest
java_class_path (initial): C:\Program Files\JetBrains\IntelliJ IDEA 2020.1 - legal\lib\idea_rt.jar;C:\Program Files\JetBrains\IntelliJ IDEA 2020.1 - legal\plugins\junit\lib\junit5-rt.jar;C:\Program Files\JetBrains\IntelliJ IDEA 2020.1 - legal\plugins\junit\lib\junit-rt.jar;C:\Users\37062\Desktop\Projektai\miniproject_2\target\test-classes;C:\Users\37062\Desktop\Projektai\miniproject_2\target\classes;C:\Users\37062\.m2\repository\org\apache\maven\plugins\maven-resources-plugin\2.4.3\maven-resources-plugin-2.4.3.jar;C:\Users\37062\.m2\repository\org\apache\maven\maven-plugin-api\2.0.6\maven-plugin-api-2.0.6.jar;C:\Users\37062\.m2\repository\org\apache\maven\maven-project\2.0.6\maven-project-2.0.6.jar;C:\Users\37062\.m2\repository\org\apache\maven\maven-profile\2.0.6\maven-profile-2.0.6.jar;C:\Users\37062\.m2\repository\org\apache\maven\maven-artifact-manager\2.0.6\maven-artifact-manager-2.0.6.jar;C:\Users\37062\.m2\repository\org\apache\maven\maven-plugin-registry\2.0.6\maven-plugin-registry-2.0.6.jar;C:\Users\37062\.m2\repository\org\apache\maven\maven-core\2.0.6\maven-core-2.0.6.jar;C:\Users\37062\.m2\repository\org\apache\maven\wagon\wagon-file\1.0-beta-2\wagon-file-1.0-beta-2.jar;C:\Users\37062\.m2\repository\org\apache\maven\maven-plugin-parameter-documenter\2.0.6\maven-plugin-parameter-documenter-2.0.6.jar;C:\Users\37062\.m2\repository\org\apache\maven\wagon\wagon-http-lightweight\1.0-beta-2\wagon-http-lightweight-1.0-beta-2.jar;C:\Users\37062\.m2\repository\org\apache\maven\wagon\wagon-http-shared\1.0-beta-2\wagon-http-shared-1.0-beta-2.jar;C:\Users\37062\.m2\repository\jtidy\jtidy\4aug2000r7-dev\jtidy-4aug2000r7-dev.jar;C:\Users\37062\.m2\repository\xml-apis\xml-apis\1.0.b2\xml-apis-1.0.b2.jar;C:\Users\37062\.m2\repository\org\apache\maven\reporting\maven-reporting-api\2.0.6\maven-reporting-api-2.0.6.jar;C:\Users\37062\.m2\repository\org\apache\maven\doxia\doxia-sink-api\1.0-alpha-7\doxia-sink-api-1.0-alpha-7.jar;C:\Users\37062\.m2\repository\org\apache\mave
Launcher Type: SUN_STANDARD

[Global flags]
     intx CICompilerCount                          = 3                                         {product} {ergonomic}
     uint ConcGCThreads                            = 1                                         {product} {ergonomic}
     uint G1ConcRefinementThreads                  = 4                                         {product} {ergonomic}
   size_t G1HeapRegionSize                         = 1048576                                   {product} {ergonomic}
    uintx GCDrainStackTargetSize                   = 64                                        {product} {ergonomic}
   size_t InitialHeapSize                          = 134217728                                 {product} {ergonomic}
   size_t MarkStackSize                            = 4194304                                   {product} {ergonomic}
   size_t MaxHeapSize                              = 4294967296                                {product} {command line}
   size_t MaxNewSize                               = 2576351232                                {product} {ergonomic}
   size_t MinHeapDeltaBytes                        = 1048576                                   {product} {ergonomic}
   size_t MinHeapSize                              = 8388608                                   {product} {ergonomic}
    uintx NonNMethodCodeHeapSize                   = 5830732                                {pd product} {ergonomic}
    uintx NonProfiledCodeHeapSize                  = 122913754                              {pd product} {ergonomic}
    uintx ProfiledCodeHeapSize                     = 122913754                              {pd product} {ergonomic}
    uintx ReservedCodeCacheSize                    = 251658240                              {pd product} {ergonomic}
     bool SegmentedCodeCache                       = true                                      {product} {ergonomic}
   size_t SoftMaxHeapSize                          = 4294967296                             {manageable} {ergonomic}
     bool UseCompressedClassPointers               = true                                 {lp64_product} {ergonomic}
     bool UseCompressedOops                        = true                                 {lp64_product} {ergonomic}
     bool UseG1GC                                  = true                                      {product} {ergonomic}
     bool UseLargePagesIndividualAllocation        = false                                  {pd product} {ergonomic}

Logging:
Log output configuration:
 #0: stdout all=warning uptime,level,tags
 #1: stderr all=off uptime,level,tags

Environment Variables:
JAVA_HOME=C:\Program Files\Java;
PATH=C:\Program Files (x86)\Common Files\Oracle\Java\javapath;C:\Program Files\Java\bin;C:\Program Files\Git\cmd;C:\Users\37062\AppData\Local\Microsoft\WindowsApps;C:\Users\37062\AppData\Local\GitHubDesktop\bin;C:\Program Files\JetBrains\IntelliJ IDEA 2020.1 - legal\bin;
USERNAME=37062
OS=Windows_NT
PROCESSOR_IDENTIFIER=Intel64 Family 6 Model 158 Stepping 9, GenuineIntel



---------------  S Y S T E M  ---------------

OS: Windows 10 , 64 bit Build 18362 (10.0.18362.1082)

CPU:total 4 (initial active 4) (4 cores per cpu, 1 threads per core) family 6 model 158 stepping 9, cmov, cx8, fxsr, mmx, sse, sse2, sse3, ssse3, sse4.1, sse4.2, popcnt, avx, avx2, aes, clmul, erms, 3dnowpref, lzcnt, tsc, tscinvbit, bmi1, bmi2, adx, fma

Memory: 4k page, system-wide physical 8084M (1239M free)
TotalPageFile size 20156M (AvailPageFile size 6M)
current process WorkingSet (physical memory assigned to process): 247M, peak: 247M
current process commit charge ("private bytes"): 351M, peak: 700M

vm_info: OpenJDK 64-Bit Server VM (13+33) for windows-amd64 JRE (13+33), built on Aug  9 2019 11:21:18 by "mach5one" with unknown MS VC++:1916

END.
